<?xml version="1.0" encoding="UTF-8"?>
<!-- Generated by org.testng.reporters.JUnitXMLReporter -->
<testsuite hostname="Flounder-PC" ignored="0" name="Default test" tests="5" failures="0" timestamp="07 Jan 2018 16:15:36 GMT" time="96.234" errors="0">
  <testcase name="HomePage_Title_Verification" time="0.089" classname="com.AdidasTask.TestScripts.TestScripts"/>
  <testcase name="CartValueVerification" time="21.194" classname="com.AdidasTask.TestScripts.TestScripts"/>
  <testcase name="LoginCheck" time="9.414" classname="com.AdidasTask.TestScripts.TestScripts"/>
  <testcase name="LoginCheck" time="7.711" classname="com.AdidasTask.TestScripts.TestScripts"/>
  <testcase name="LoginCheck" time="5.496" classname="com.AdidasTask.TestScripts.TestScripts"/>
</testsuite> <!-- Default test -->
